<?xml version="1.0" encoding="UTF-8"?>
<testng-results skipped="0" failed="0" total="0" passed="0">
  <reporter-output>
  </reporter-output>
  <suite name="com.koodo.AppTest" duration-ms="3" started-at="2018-01-03T15:01:39Z" finished-at="2018-01-03T15:01:39Z">
    <groups>
    </groups>
    <test name="Command line test" duration-ms="3" started-at="2018-01-03T15:01:39Z" finished-at="2018-01-03T15:01:39Z">
    </test> <!-- Command line test -->
  </suite> <!-- com.koodo.AppTest -->
</testng-results>
